

Microchip Technology PIC PRO Macro Assembler V1.12 build 49521 
                                                                                               Thu May 02 09:31:01 2013

HI-TECH Software Omniscient Code Generator (PRO mode) build 49521
     1                           	processor	16F1784
     2                           	opt	pw 120
     3                           	opt	pm
     4                           	psect	text145,local,class=CODE,merge=1,delta=2
     5                           	psect	cinit,global,class=CODE,merge=1,delta=2
     6                           	psect	cstackCOMMON,global,class=COMMON,space=1,delta=1
     7                           	psect	cstackBANK0,global,class=BANK0,space=1,delta=1
     8                           	psect	text151,local,class=CODE,merge=1,delta=2
     9                           	psect	pa_nodes,global,class=CODE,delta=2
    10                           	dabs	1,0x7E,2
    11  0000                     	;# 
    12  0001                     	;# 
    13  0002                     	;# 
    14  0003                     	;# 
    15  0004                     	;# 
    16  0005                     	;# 
    17  0006                     	;# 
    18  0007                     	;# 
    19  0008                     	;# 
    20  0009                     	;# 
    21  000A                     	;# 
    22  000B                     	;# 
    23  000C                     	;# 
    24  000D                     	;# 
    25  000E                     	;# 
    26  000F                     	;# 
    27  0010                     	;# 
    28  0011                     	;# 
    29  0012                     	;# 
    30  0013                     	;# 
    31  0014                     	;# 
    32  0015                     	;# 
    33  0016                     	;# 
    34  0016                     	;# 
    35  0017                     	;# 
    36  0018                     	;# 
    37  0019                     	;# 
    38  001A                     	;# 
    39  001B                     	;# 
    40  001C                     	;# 
    41  008C                     	;# 
    42  008D                     	;# 
    43  008E                     	;# 
    44  008F                     	;# 
    45  0090                     	;# 
    46  0091                     	;# 
    47  0092                     	;# 
    48  0093                     	;# 
    49  0094                     	;# 
    50  0095                     	;# 
    51  0096                     	;# 
    52  0097                     	;# 
    53  0098                     	;# 
    54  0099                     	;# 
    55  009A                     	;# 
    56  009B                     	;# 
    57  009B                     	;# 
    58  009C                     	;# 
    59  009D                     	;# 
    60  009E                     	;# 
    61  009F                     	;# 
    62  010C                     	;# 
    63  010D                     	;# 
    64  010E                     	;# 
    65  010F                     	;# 
    66  0110                     	;# 
    67  0111                     	;# 
    68  0112                     	;# 
    69  0113                     	;# 
    70  0114                     	;# 
    71  0115                     	;# 
    72  0116                     	;# 
    73  0117                     	;# 
    74  0118                     	;# 
    75  0119                     	;# 
    76  011A                     	;# 
    77  011B                     	;# 
    78  011C                     	;# 
    79  011D                     	;# 
    80  011D                     	;# 
    81  011D                     	;# 
    82  011E                     	;# 
    83  011F                     	;# 
    84  018C                     	;# 
    85  018D                     	;# 
    86  018F                     	;# 
    87  0190                     	;# 
    88  0191                     	;# 
    89  0191                     	;# 
    90  0192                     	;# 
    91  0193                     	;# 
    92  0193                     	;# 
    93  0193                     	;# 
    94  0194                     	;# 
    95  0195                     	;# 
    96  0196                     	;# 
    97  0197                     	;# 
    98  0199                     	;# 
    99  0199                     	;# 
   100  0199                     	;# 
   101  019A                     	;# 
   102  019A                     	;# 
   103  019A                     	;# 
   104  019B                     	;# 
   105  019B                     	;# 
   106  019B                     	;# 
   107  019B                     	;# 
   108  019B                     	;# 
   109  019C                     	;# 
   110  019C                     	;# 
   111  019C                     	;# 
   112  019D                     	;# 
   113  019D                     	;# 
   114  019D                     	;# 
   115  019E                     	;# 
   116  019E                     	;# 
   117  019E                     	;# 
   118  019F                     	;# 
   119  019F                     	;# 
   120  019F                     	;# 
   121  019F                     	;# 
   122  019F                     	;# 
   123  020C                     	;# 
   124  020D                     	;# 
   125  020E                     	;# 
   126  020F                     	;# 
   127  0210                     	;# 
   128  0211                     	;# 
   129  0211                     	;# 
   130  0212                     	;# 
   131  0212                     	;# 
   132  0213                     	;# 
   133  0213                     	;# 
   134  0214                     	;# 
   135  0214                     	;# 
   136  0215                     	;# 
   137  0215                     	;# 
   138  0216                     	;# 
   139  0216                     	;# 
   140  0217                     	;# 
   141  0217                     	;# 
   142  028C                     	;# 
   143  028D                     	;# 
   144  028E                     	;# 
   145  028F                     	;# 
   146  0290                     	;# 
   147  0291                     	;# 
   148  0291                     	;# 
   149  0292                     	;# 
   150  0293                     	;# 
   151  0298                     	;# 
   152  0298                     	;# 
   153  0299                     	;# 
   154  029A                     	;# 
   155  030C                     	;# 
   156  030D                     	;# 
   157  030E                     	;# 
   158  030F                     	;# 
   159  0310                     	;# 
   160  0311                     	;# 
   161  0311                     	;# 
   162  0312                     	;# 
   163  0313                     	;# 
   164  038C                     	;# 
   165  038D                     	;# 
   166  038E                     	;# 
   167  038F                     	;# 
   168  0390                     	;# 
   169  0391                     	;# 
   170  0392                     	;# 
   171  0393                     	;# 
   172  0394                     	;# 
   173  0395                     	;# 
   174  0396                     	;# 
   175  0397                     	;# 
   176  0398                     	;# 
   177  0399                     	;# 
   178  039D                     	;# 
   179  039E                     	;# 
   180  039F                     	;# 
   181  0511                     	;# 
   182  0513                     	;# 
   183  051A                     	;# 
   184  0811                     	;# 
   185  0812                     	;# 
   186  0813                     	;# 
   187  0814                     	;# 
   188  0815                     	;# 
   189  0816                     	;# 
   190  0817                     	;# 
   191  0818                     	;# 
   192  0819                     	;# 
   193  081A                     	;# 
   194  081B                     	;# 
   195  081C                     	;# 
   196  081D                     	;# 
   197  081E                     	;# 
   198  081F                     	;# 
   199  0820                     	;# 
   200  0821                     	;# 
   201  0821                     	;# 
   202  0822                     	;# 
   203  0823                     	;# 
   204  0823                     	;# 
   205  0824                     	;# 
   206  0825                     	;# 
   207  0825                     	;# 
   208  0826                     	;# 
   209  0827                     	;# 
   210  0827                     	;# 
   211  0828                     	;# 
   212  0829                     	;# 
   213  082A                     	;# 
   214  082B                     	;# 
   215  082C                     	;# 
   216  082D                     	;# 
   217  082E                     	;# 
   218  082F                     	;# 
   219  0831                     	;# 
   220  0832                     	;# 
   221  0833                     	;# 
   222  0834                     	;# 
   223  0835                     	;# 
   224  0836                     	;# 
   225  0837                     	;# 
   226  0838                     	;# 
   227  0839                     	;# 
   228  083A                     	;# 
   229  083B                     	;# 
   230  083C                     	;# 
   231  083D                     	;# 
   232  083E                     	;# 
   233  083F                     	;# 
   234  0840                     	;# 
   235  0841                     	;# 
   236  0841                     	;# 
   237  0842                     	;# 
   238  0843                     	;# 
   239  0843                     	;# 
   240  0844                     	;# 
   241  0845                     	;# 
   242  0845                     	;# 
   243  0846                     	;# 
   244  0847                     	;# 
   245  0847                     	;# 
   246  0848                     	;# 
   247  0849                     	;# 
   248  084A                     	;# 
   249  084B                     	;# 
   250  084C                     	;# 
   251  084D                     	;# 
   252  084E                     	;# 
   253  084F                     	;# 
   254  0851                     	;# 
   255  0852                     	;# 
   256  0853                     	;# 
   257  0854                     	;# 
   258  0855                     	;# 
   259  0856                     	;# 
   260  0857                     	;# 
   261  0858                     	;# 
   262  0859                     	;# 
   263  085A                     	;# 
   264  085B                     	;# 
   265  085C                     	;# 
   266  085D                     	;# 
   267  085E                     	;# 
   268  085F                     	;# 
   269  0860                     	;# 
   270  0861                     	;# 
   271  0861                     	;# 
   272  0862                     	;# 
   273  0863                     	;# 
   274  0863                     	;# 
   275  0864                     	;# 
   276  0865                     	;# 
   277  0865                     	;# 
   278  0866                     	;# 
   279  0867                     	;# 
   280  0867                     	;# 
   281  0868                     	;# 
   282  0869                     	;# 
   283  086A                     	;# 
   284  086B                     	;# 
   285  086C                     	;# 
   286  086D                     	;# 
   287  086E                     	;# 
   288  086F                     	;# 
   289  0FE4                     	;# 
   290  0FE5                     	;# 
   291  0FE6                     	;# 
   292  0FE7                     	;# 
   293  0FE8                     	;# 
   294  0FE9                     	;# 
   295  0FEA                     	;# 
   296  0FEB                     	;# 
   297  0FED                     	;# 
   298  0FEE                     	;# 
   299  0FEF                     	;# 
   300  0011                     _PIR1bits	set	17
   301  0099                     _OSCCONbits	set	153
   302  008E                     _TRISCbits	set	142
   303  010E                     _LATCbits	set	270
   304  0211                     _SSPBUF	set	529
   305  0215                     _SSPCONbits	set	533
   306  0214                     _SSPSTATbits	set	532
   307                           
   308                           	psect	text145
   309  0000                     __ptext145:	
   310                           
   311                           ;psect for function _ReadSPI
   312                           ; #config settings
   313  0000                     
   314                           	psect	cinit
   315  071D                     start_initialization:	
   316  071D                     __initialization:	
   317  071D                     end_of_initialization:	
   318                           ;End of C runtime variable initialization code
   319                           
   320  071D                     __end_of__initialization:	
   321  071D  0020               	movlb	0
   322  071E  2F1F               	ljmp	_main	;jump to C main() function
   323  071F                     __pmaintext:	
   324 ;;
   325 ;;Main: autosize = 0, tempsize = 2, incstack = 0, save=0
   326 ;;
   327 ;; *************** function _main *****************
   328 ;; Defined at:
   329 ;;		line 137 in file "../16F1784_SPI_EEPROM.c"
   330 ;; Parameters:    Size  Location     Type
   331 ;;		None
   332 ;; Auto vars:     Size  Location     Type
   333 ;;  eeprom_array   40    5[BANK0 ] unsigned int [20]
   334 ;;  i               2   49[BANK0 ] unsigned int 
   335 ;;  eeprom_addr_    2   47[BANK0 ] unsigned int 
   336 ;;  eeprom_addr_    2   45[BANK0 ] unsigned int 
   337 ;; Return value:  Size  Location     Type
   338 ;;		None               void
   339 ;; Registers used:
   340 ;;		wreg, fsr1l, fsr1h, status,2, status,0, pclath, cstack
   341 ;; Tracked objects:
   342 ;;		On entry : 17F/0
   343 ;;		On exit  : 1F/0
   344 ;;		Unchanged: 0/0
   345 ;; Data sizes:     COMMON   BANK0   BANK1   BANK2   BANK3   BANK4   BANK5   BANK6
   346 ;;      Params:         0       0       0       0       0       0       0       0
   347 ;;      Locals:         0      46       0       0       0       0       0       0
   348 ;;      Temps:          0       2       0       0       0       0       0       0
   349 ;;      Totals:         0      48       0       0       0       0       0       0
   350 ;;Total ram usage:       48 bytes
   351 ;; Hardware stack levels required when called:    3
   352 ;; This function calls:
   353 ;;		_Write_SPI_Byte
   354 ;;		_Read_SPI_Byte
   355 ;; This function is called by:
   356 ;;		Startup code after reset
   357 ;; This function uses a non-reentrant model
   358 ;;
   359                           
   360                           
   361                           ;psect for function _main
   362  071F                     _main:	
   363                           
   364                           ;16F1784_SPI_EEPROM.c: 139: unsigned int eeprom_addr_hi;
   365                           ;16F1784_SPI_EEPROM.c: 140: unsigned int eeprom_addr_lo;
   366                           ;16F1784_SPI_EEPROM.c: 141: unsigned int eeprom_array[20];
   367                           ;16F1784_SPI_EEPROM.c: 142: unsigned int i;
   368                           ;16F1784_SPI_EEPROM.c: 146: OSCCONbits.IRCF = 0x0F;
   369                           
   370                           ; Regs used in _main: [wreg+fsr1l-status,0+pclath+cstack]
   371  071F  3078               	movlw	120
   372  0720  0021               	movlb	1	; select bank1
   373  0721  0499               	iorwf	25,f	;volatile
   374                           
   375                           ;16F1784_SPI_EEPROM.c: 147: OSCCONbits.SCS = 0x02;
   376  0722  0819               	movf	25,w	;volatile
   377  0723  39FC               	andlw	-4
   378  0724  3802               	iorlw	2
   379  0725  0099               	movwf	25	;volatile
   380                           
   381                           ;16F1784_SPI_EEPROM.c: 150: TRISCbits.TRISC0 = 0;
   382  0726  100E               	bcf	14,0	;volatile
   383                           
   384                           ;16F1784_SPI_EEPROM.c: 151: TRISCbits.TRISC1 = 0;
   385  0727  108E               	bcf	14,1	;volatile
   386                           
   387                           ;16F1784_SPI_EEPROM.c: 152: TRISCbits.TRISC2 = 0;
   388  0728  110E               	bcf	14,2	;volatile
   389                           
   390                           ;16F1784_SPI_EEPROM.c: 153: TRISCbits.TRISC3 = 0;
   391  0729  118E               	bcf	14,3	;volatile
   392                           
   393                           ;16F1784_SPI_EEPROM.c: 154: TRISCbits.TRISC4 = 1;
   394  072A  160E               	bsf	14,4	;volatile
   395                           
   396                           ;16F1784_SPI_EEPROM.c: 155: TRISCbits.TRISC5 = 0;
   397  072B  128E               	bcf	14,5	;volatile
   398                           
   399                           ;16F1784_SPI_EEPROM.c: 156: TRISCbits.TRISC6 = 0;
   400  072C  130E               	bcf	14,6	;volatile
   401                           
   402                           ;16F1784_SPI_EEPROM.c: 157: TRISCbits.TRISC7 = 0;
   403  072D  138E               	bcf	14,7	;volatile
   404                           
   405                           ;16F1784_SPI_EEPROM.c: 159: LATCbits.LATC1 = 1;
   406  072E  0022               	movlb	2	; select bank2
   407  072F  148E               	bsf	14,1	;volatile
   408                           
   409                           ;16F1784_SPI_EEPROM.c: 160: LATCbits.LATC2 = 1;
   410  0730  150E               	bsf	14,2	;volatile
   411                           
   412                           ;16F1784_SPI_EEPROM.c: 171: SSPCONbits.SSPM=0x01;
   413  0731  0024               	movlb	4	; select bank4
   414  0732  0815               	movf	21,w	;volatile
   415  0733  39F0               	andlw	-16
   416  0734  3801               	iorlw	1
   417  0735  0095               	movwf	21	;volatile
   418                           
   419                           ;16F1784_SPI_EEPROM.c: 172: SSPCONbits.CKP=0;
   420  0736  1215               	bcf	21,4	;volatile
   421                           
   422                           ;16F1784_SPI_EEPROM.c: 173: SSPSTATbits.CKE=1;
   423  0737  1714               	bsf	20,6	;volatile
   424                           
   425                           ;16F1784_SPI_EEPROM.c: 174: SSPSTATbits.SMP=0;
   426  0738  1394               	bcf	20,7	;volatile
   427                           
   428                           ;16F1784_SPI_EEPROM.c: 175: SSPCONbits.SSPEN=0x01;
   429  0739  1695               	bsf	21,5	;volatile
   430                           
   431                           ;16F1784_SPI_EEPROM.c: 177: eeprom_addr_hi=0;
   432  073A  0020               	movlb	0	; select bank0
   433  073B  01CD               	clrf	main@eeprom_addr_hi
   434  073C  01CE               	clrf	main@eeprom_addr_hi+1
   435                           
   436                           ;16F1784_SPI_EEPROM.c: 178: eeprom_addr_lo=0;
   437  073D  01CF               	clrf	main@eeprom_addr_lo
   438  073E  01D0               	clrf	main@eeprom_addr_lo+1
   439                           
   440                           ;16F1784_SPI_EEPROM.c: 183: for (i=0;i<=10;i++)
   441  073F  01D1               	clrf	main@i
   442  0740  01D2               	clrf	main@i+1
   443  0741                     l728:	
   444                           
   445                           ;16F1784_SPI_EEPROM.c: 184: {
   446                           ;16F1784_SPI_EEPROM.c: 185: Write_SPI_Byte(eeprom_addr_hi,eeprom_addr_lo,i);
   447  0741  084E               	movf	main@eeprom_addr_hi+1,w
   448  0742  00F9               	movwf	?_Write_SPI_Byte+1
   449  0743  084D               	movf	main@eeprom_addr_hi,w
   450  0744  00F8               	movwf	?_Write_SPI_Byte
   451  0745  0850               	movf	main@eeprom_addr_lo+1,w
   452  0746  00FB               	movwf	?_Write_SPI_Byte+3
   453  0747  084F               	movf	main@eeprom_addr_lo,w
   454  0748  00FA               	movwf	?_Write_SPI_Byte+2
   455  0749  0852               	movf	main@i+1,w
   456  074A  00FD               	movwf	?_Write_SPI_Byte+5
   457  074B  0851               	movf	main@i,w
   458  074C  00FC               	movwf	?_Write_SPI_Byte+4
   459  074D  279F  3187         	fcall	_Write_SPI_Byte
   460                           
   461                           ;16F1784_SPI_EEPROM.c: 186: eeprom_addr_lo++;
   462  074F  0ACF               	incf	main@eeprom_addr_lo,f
   463  0750  1903               	skipnz
   464  0751  0AD0               	incf	main@eeprom_addr_lo+1,f
   465  0752  0AD1               	incf	main@i,f
   466  0753  1903               	skipnz
   467  0754  0AD2               	incf	main@i+1,f
   468  0755  3000               	movlw	0
   469  0756  0252               	subwf	main@i+1,w
   470  0757  300B               	movlw	11
   471  0758  1903               	skipnz
   472  0759  0251               	subwf	main@i,w
   473  075A  1C03               	skipc
   474  075B  2F41               	goto	l728
   475                           
   476                           ;16F1784_SPI_EEPROM.c: 187: }
   477                           ;16F1784_SPI_EEPROM.c: 189: eeprom_addr_hi=0;
   478  075C  01CD               	clrf	main@eeprom_addr_hi
   479  075D  01CE               	clrf	main@eeprom_addr_hi+1
   480                           
   481                           ;16F1784_SPI_EEPROM.c: 190: eeprom_addr_lo=0;
   482  075E  01CF               	clrf	main@eeprom_addr_lo
   483  075F  01D0               	clrf	main@eeprom_addr_lo+1
   484                           
   485                           ;16F1784_SPI_EEPROM.c: 193: for (i=0;i<=10;i++)
   486  0760  01D1               	clrf	main@i
   487  0761  01D2               	clrf	main@i+1
   488  0762                     l742:	
   489                           
   490                           ;16F1784_SPI_EEPROM.c: 194: {
   491                           ;16F1784_SPI_EEPROM.c: 195: eeprom_array[i] = Read_SPI_Byte(eeprom_addr_hi,eeprom_addr_l
      +                          o);
   492  0762  084E               	movf	main@eeprom_addr_hi+1,w
   493  0763  00F5               	movwf	?_Read_SPI_Byte+1
   494  0764  084D               	movf	main@eeprom_addr_hi,w
   495  0765  00F4               	movwf	?_Read_SPI_Byte
   496  0766  0850               	movf	main@eeprom_addr_lo+1,w
   497  0767  00F7               	movwf	?_Read_SPI_Byte+3
   498  0768  084F               	movf	main@eeprom_addr_lo,w
   499  0769  00F6               	movwf	?_Read_SPI_Byte+2
   500  076A  2785  3187         	fcall	_Read_SPI_Byte
   501  076C  0020               	movlb	0	; select bank0
   502  076D  00A3               	movwf	??_main
   503  076E  01A4               	clrf	??_main+1
   504  076F  3551               	lslf	main@i,w
   505  0770  3E25               	addlw	main@eeprom_array& (0+255)
   506  0771  0086               	movwf	6
   507  0772  0187               	clrf	7
   508  0773  0823               	movf	??_main,w
   509  0774  3FC0               	movwi [0]fsr1
   510  0775  0824               	movf	??_main+1,w
   511  0776  3FC1               	movwi [1]fsr1
   512                           
   513                           ;16F1784_SPI_EEPROM.c: 196: eeprom_addr_lo++;
   514  0777  0ACF               	incf	main@eeprom_addr_lo,f
   515  0778  1903               	skipnz
   516  0779  0AD0               	incf	main@eeprom_addr_lo+1,f
   517  077A  0AD1               	incf	main@i,f
   518  077B  1903               	skipnz
   519  077C  0AD2               	incf	main@i+1,f
   520  077D  3000               	movlw	0
   521  077E  0252               	subwf	main@i+1,w
   522  077F  300B               	movlw	11
   523  0780  1903               	skipnz
   524  0781  0251               	subwf	main@i,w
   525  0782  1C03               	skipc
   526  0783  2F62               	goto	l742
   527  0784                     l46:	
   528                           ;16F1784_SPI_EEPROM.c: 197: }
   529                           ;16F1784_SPI_EEPROM.c: 199: while (1);
   530                           
   531  0784  2F84               	goto	l46
   532  0785                     __end_of_main:	
   533  0785                     __ptext148:	
   534 ;; *************** function _Read_SPI_Byte *****************
   535 ;; Defined at:
   536 ;;		line 123 in file "../16F1784_SPI_EEPROM.c"
   537 ;; Parameters:    Size  Location     Type
   538 ;;  address_hi      2    4[COMMON] unsigned int 
   539 ;;  address_lo      2    6[COMMON] unsigned int 
   540 ;; Auto vars:     Size  Location     Type
   541 ;;  data_read       1    8[COMMON] unsigned char 
   542 ;; Return value:  Size  Location     Type
   543 ;;                  1    wreg      unsigned char 
   544 ;; Registers used:
   545 ;;		wreg, status,2, status,0, pclath, cstack
   546 ;; Tracked objects:
   547 ;;		On entry : 1F/0
   548 ;;		On exit  : 1F/2
   549 ;;		Unchanged: FFFE0/0
   550 ;; Data sizes:     COMMON   BANK0   BANK1   BANK2   BANK3   BANK4   BANK5   BANK6
   551 ;;      Params:         4       0       0       0       0       0       0       0
   552 ;;      Locals:         1       0       0       0       0       0       0       0
   553 ;;      Temps:          0       0       0       0       0       0       0       0
   554 ;;      Totals:         5       0       0       0       0       0       0       0
   555 ;;Total ram usage:        5 bytes
   556 ;; Hardware stack levels used:    1
   557 ;; Hardware stack levels required when called:    1
   558 ;; This function calls:
   559 ;;		_WriteSPI
   560 ;;		_ReadSPI
   561 ;; This function is called by:
   562 ;;		_main
   563 ;; This function uses a non-reentrant model
   564 ;;
   565                           
   566                           
   567                           ;psect for function _Read_SPI_Byte
   568  0785                     _Read_SPI_Byte:	
   569                           
   570                           ;16F1784_SPI_EEPROM.c: 124: unsigned char data_read;
   571                           ;16F1784_SPI_EEPROM.c: 126: LATCbits.LATC2=0;
   572                           
   573                           ; Regs used in _Read_SPI_Byte: [wreg+status,2+status,0+pclath+cstack]
   574  0785  0022               	movlb	2	; select bank2
   575  0786  110E               	bcf	14,2	;volatile
   576                           
   577                           ;16F1784_SPI_EEPROM.c: 127: WriteSPI(0x03);
   578  0787  3003               	movlw	3
   579  0788  00F0               	movwf	?_WriteSPI
   580  0789  01F1               	clrf	?_WriteSPI+1
   581  078A  27D7  3187         	fcall	_WriteSPI
   582                           
   583                           ;16F1784_SPI_EEPROM.c: 128: WriteSPI(address_hi);
   584  078C  0875               	movf	Read_SPI_Byte@address_hi+1,w
   585  078D  00F1               	movwf	?_WriteSPI+1
   586  078E  0874               	movf	Read_SPI_Byte@address_hi,w
   587  078F  00F0               	movwf	?_WriteSPI
   588  0790  27D7  3187         	fcall	_WriteSPI
   589                           
   590                           ;16F1784_SPI_EEPROM.c: 129: WriteSPI(address_lo);
   591  0792  0877               	movf	Read_SPI_Byte@address_lo+1,w
   592  0793  00F1               	movwf	?_WriteSPI+1
   593  0794  0876               	movf	Read_SPI_Byte@address_lo,w
   594  0795  00F0               	movwf	?_WriteSPI
   595  0796  27D7  3187         	fcall	_WriteSPI
   596                           
   597                           ;16F1784_SPI_EEPROM.c: 130: data_read = ReadSPI();
   598  0798  27F3               	fcall	_ReadSPI
   599  0799  0870               	movf	?_ReadSPI,w
   600  079A  00F8               	movwf	Read_SPI_Byte@data_read
   601                           
   602                           ;16F1784_SPI_EEPROM.c: 131: LATCbits.LATC2=1;
   603  079B  0022               	movlb	2	; select bank2
   604  079C  150E               	bsf	14,2	;volatile
   605                           
   606                           ;16F1784_SPI_EEPROM.c: 132: return(data_read);
   607  079D  0878               	movf	Read_SPI_Byte@data_read,w
   608  079E  0008               	return
   609  079F                     __end_of_Read_SPI_Byte:	
   610  079F                     __ptext146:	
   611 ;; *************** function _Write_SPI_Byte *****************
   612 ;; Defined at:
   613 ;;		line 91 in file "../16F1784_SPI_EEPROM.c"
   614 ;; Parameters:    Size  Location     Type
   615 ;;  address_hi      2    8[COMMON] unsigned int 
   616 ;;  address_lo      2   10[COMMON] unsigned int 
   617 ;;  data            2   12[COMMON] unsigned int 
   618 ;; Auto vars:     Size  Location     Type
   619 ;;  StatusReg       2    1[BANK0 ] unsigned int 
   620 ;; Return value:  Size  Location     Type
   621 ;;		None               void
   622 ;; Registers used:
   623 ;;		wreg, status,2, status,0, pclath, cstack
   624 ;; Tracked objects:
   625 ;;		On entry : 1F/0
   626 ;;		On exit  : 1F/0
   627 ;;		Unchanged: 0/0
   628 ;; Data sizes:     COMMON   BANK0   BANK1   BANK2   BANK3   BANK4   BANK5   BANK6
   629 ;;      Params:         6       0       0       0       0       0       0       0
   630 ;;      Locals:         0       2       0       0       0       0       0       0
   631 ;;      Temps:          0       1       0       0       0       0       0       0
   632 ;;      Totals:         6       3       0       0       0       0       0       0
   633 ;;Total ram usage:        9 bytes
   634 ;; Hardware stack levels used:    1
   635 ;; Hardware stack levels required when called:    2
   636 ;; This function calls:
   637 ;;		_WriteSPI
   638 ;;		_Read_SPI_StatusReg
   639 ;; This function is called by:
   640 ;;		_main
   641 ;; This function uses a non-reentrant model
   642 ;;
   643                           
   644                           
   645                           ;psect for function _Write_SPI_Byte
   646  079F                     _Write_SPI_Byte:	
   647                           
   648                           ;16F1784_SPI_EEPROM.c: 92: unsigned int StatusReg;
   649                           ;16F1784_SPI_EEPROM.c: 94: LATCbits.LATC2=0;
   650                           
   651                           ; Regs used in _Write_SPI_Byte: [wreg+status,2+status,0+pclath+cstack]
   652  079F  0022               	movlb	2	; select bank2
   653  07A0  110E               	bcf	14,2	;volatile
   654                           
   655                           ;16F1784_SPI_EEPROM.c: 95: WriteSPI(0x06);
   656  07A1  3006               	movlw	6
   657  07A2  00F0               	movwf	?_WriteSPI
   658  07A3  01F1               	clrf	?_WriteSPI+1
   659  07A4  27D7  3187         	fcall	_WriteSPI
   660                           
   661                           ;16F1784_SPI_EEPROM.c: 96: LATCbits.LATC2=1;
   662  07A6  0022               	movlb	2	; select bank2
   663  07A7  150E               	bsf	14,2	;volatile
   664                           
   665                           ;16F1784_SPI_EEPROM.c: 97: _delay((unsigned long)((10)*(16000000/4000000.0)));
   666  07A8  300D               	movlw	13
   667  07A9  0020               	movlb	0	; select bank0
   668  07AA  00A0               	movwf	??_Write_SPI_Byte
   669  07AB                     u117:	
   670  07AB  0BA0               	decfsz	??_Write_SPI_Byte,f
   671  07AC  2FAB               	goto	u117
   672                           
   673                           ;16F1784_SPI_EEPROM.c: 99: LATCbits.LATC2=0;
   674  07AD  0022               	movlb	2	; select bank2
   675  07AE  110E               	bcf	14,2	;volatile
   676                           
   677                           ;16F1784_SPI_EEPROM.c: 100: WriteSPI(0x02);
   678  07AF  3002               	movlw	2
   679  07B0  00F0               	movwf	?_WriteSPI
   680  07B1  01F1               	clrf	?_WriteSPI+1
   681  07B2  27D7  3187         	fcall	_WriteSPI
   682                           
   683                           ;16F1784_SPI_EEPROM.c: 101: WriteSPI(address_hi);
   684  07B4  0879               	movf	Write_SPI_Byte@address_hi+1,w
   685  07B5  00F1               	movwf	?_WriteSPI+1
   686  07B6  0878               	movf	Write_SPI_Byte@address_hi,w
   687  07B7  00F0               	movwf	?_WriteSPI
   688  07B8  27D7  3187         	fcall	_WriteSPI
   689                           
   690                           ;16F1784_SPI_EEPROM.c: 102: WriteSPI(address_lo);
   691  07BA  087B               	movf	Write_SPI_Byte@address_lo+1,w
   692  07BB  00F1               	movwf	?_WriteSPI+1
   693  07BC  087A               	movf	Write_SPI_Byte@address_lo,w
   694  07BD  00F0               	movwf	?_WriteSPI
   695  07BE  27D7  3187         	fcall	_WriteSPI
   696                           
   697                           ;16F1784_SPI_EEPROM.c: 103: WriteSPI(data);
   698  07C0  087D               	movf	Write_SPI_Byte@data+1,w
   699  07C1  00F1               	movwf	?_WriteSPI+1
   700  07C2  087C               	movf	Write_SPI_Byte@data,w
   701  07C3  00F0               	movwf	?_WriteSPI
   702  07C4  27D7  3187         	fcall	_WriteSPI
   703                           
   704                           ;16F1784_SPI_EEPROM.c: 104: LATCbits.LATC2=1;
   705  07C6  0022               	movlb	2	; select bank2
   706  07C7  150E               	bsf	14,2	;volatile
   707  07C8                     l684:	
   708                           
   709                           ;16F1784_SPI_EEPROM.c: 111: {
   710                           ;16F1784_SPI_EEPROM.c: 112: StatusReg = (Read_SPI_StatusReg() & 0x01);
   711  07C8  27E0  3187         	fcall	_Read_SPI_StatusReg
   712  07CA  0875               	movf	?_Read_SPI_StatusReg+1,w
   713  07CB  0020               	movlb	0	; select bank0
   714  07CC  00A2               	movwf	Write_SPI_Byte@StatusReg+1
   715  07CD  0874               	movf	?_Read_SPI_StatusReg,w
   716  07CE  00A1               	movwf	Write_SPI_Byte@StatusReg
   717  07CF  3001               	movlw	1
   718  07D0  05A1               	andwf	Write_SPI_Byte@StatusReg,f
   719  07D1  01A2               	clrf	Write_SPI_Byte@StatusReg+1
   720                           
   721                           ;16F1784_SPI_EEPROM.c: 113: } while (StatusReg);
   722  07D2  0822               	movf	Write_SPI_Byte@StatusReg+1,w
   723  07D3  0421               	iorwf	Write_SPI_Byte@StatusReg,w
   724  07D4  1903               	btfsc	3,2
   725  07D5  0008               	return
   726  07D6  2FC8               	goto	l684
   727  07D7                     __end_of_Write_SPI_Byte:	
   728  07D7                     __ptext149:	
   729 ;; *************** function _WriteSPI *****************
   730 ;; Defined at:
   731 ;;		line 51 in file "../16F1784_SPI_EEPROM.c"
   732 ;; Parameters:    Size  Location     Type
   733 ;;  databyte        2    0[COMMON] unsigned int 
   734 ;; Auto vars:     Size  Location     Type
   735 ;;		None
   736 ;; Return value:  Size  Location     Type
   737 ;;		None               void
   738 ;; Registers used:
   739 ;;		wreg
   740 ;; Tracked objects:
   741 ;;		On entry : 1D/2
   742 ;;		On exit  : 1F/0
   743 ;;		Unchanged: FFFE0/0
   744 ;; Data sizes:     COMMON   BANK0   BANK1   BANK2   BANK3   BANK4   BANK5   BANK6
   745 ;;      Params:         2       0       0       0       0       0       0       0
   746 ;;      Locals:         0       0       0       0       0       0       0       0
   747 ;;      Temps:          0       0       0       0       0       0       0       0
   748 ;;      Totals:         2       0       0       0       0       0       0       0
   749 ;;Total ram usage:        2 bytes
   750 ;; Hardware stack levels used:    1
   751 ;; This function calls:
   752 ;;		Nothing
   753 ;; This function is called by:
   754 ;;		_Read_SPI_StatusReg
   755 ;;		_Write_SPI_Byte
   756 ;;		_Read_SPI_Byte
   757 ;; This function uses a non-reentrant model
   758 ;;
   759                           
   760                           
   761                           ;psect for function _WriteSPI
   762  07D7                     _WriteSPI:	
   763                           
   764                           ;16F1784_SPI_EEPROM.c: 54: PIR1bits.SSP1IF=0;
   765                           
   766                           ; Regs used in _WriteSPI: [wreg]
   767  07D7  0020               	movlb	0	; select bank0
   768  07D8  1191               	bcf	17,3	;volatile
   769                           
   770                           ;16F1784_SPI_EEPROM.c: 55: SSPBUF = databyte;
   771  07D9  0870               	movf	WriteSPI@databyte,w
   772  07DA  0024               	movlb	4	; select bank4
   773  07DB  0091               	movwf	17	;volatile
   774  07DC                     l19:	
   775                           ;16F1784_SPI_EEPROM.c: 56: while(!PIR1bits.SSP1IF);
   776                           
   777  07DC  0020               	movlb	0	; select bank0
   778  07DD  1991               	btfsc	17,3	;volatile
   779  07DE  0008               	return
   780  07DF  2FDC               	goto	l19
   781  07E0                     __end_of_WriteSPI:	
   782  07E0                     __ptext147:	
   783 ;; *************** function _Read_SPI_StatusReg *****************
   784 ;; Defined at:
   785 ;;		line 76 in file "../16F1784_SPI_EEPROM.c"
   786 ;; Parameters:    Size  Location     Type
   787 ;;		None
   788 ;; Auto vars:     Size  Location     Type
   789 ;;  data_read       2    6[COMMON] unsigned int 
   790 ;; Return value:  Size  Location     Type
   791 ;;                  2    4[COMMON] unsigned int 
   792 ;; Registers used:
   793 ;;		wreg, status,2, status,0, pclath, cstack
   794 ;; Tracked objects:
   795 ;;		On entry : 1D/2
   796 ;;		On exit  : 1F/2
   797 ;;		Unchanged: FFFE0/0
   798 ;; Data sizes:     COMMON   BANK0   BANK1   BANK2   BANK3   BANK4   BANK5   BANK6
   799 ;;      Params:         2       0       0       0       0       0       0       0
   800 ;;      Locals:         2       0       0       0       0       0       0       0
   801 ;;      Temps:          0       0       0       0       0       0       0       0
   802 ;;      Totals:         4       0       0       0       0       0       0       0
   803 ;;Total ram usage:        4 bytes
   804 ;; Hardware stack levels used:    1
   805 ;; Hardware stack levels required when called:    1
   806 ;; This function calls:
   807 ;;		_WriteSPI
   808 ;;		_ReadSPI
   809 ;; This function is called by:
   810 ;;		_Write_SPI_Byte
   811 ;; This function uses a non-reentrant model
   812 ;;
   813                           
   814                           
   815                           ;psect for function _Read_SPI_StatusReg
   816  07E0                     _Read_SPI_StatusReg:	
   817                           
   818                           ;16F1784_SPI_EEPROM.c: 77: unsigned int data_read;
   819                           ;16F1784_SPI_EEPROM.c: 79: LATCbits.LATC2=0;
   820                           
   821                           ; Regs used in _Read_SPI_StatusReg: [wreg+status,2+status,0+pclath+cstack]
   822  07E0  0022               	movlb	2	; select bank2
   823  07E1  110E               	bcf	14,2	;volatile
   824                           
   825                           ;16F1784_SPI_EEPROM.c: 80: WriteSPI(0x05);
   826  07E2  3005               	movlw	5
   827  07E3  00F0               	movwf	?_WriteSPI
   828  07E4  01F1               	clrf	?_WriteSPI+1
   829  07E5  27D7  3187         	fcall	_WriteSPI
   830                           
   831                           ;16F1784_SPI_EEPROM.c: 81: data_read = ReadSPI();
   832  07E7  27F3               	fcall	_ReadSPI
   833  07E8  0871               	movf	?_ReadSPI+1,w
   834  07E9  00F7               	movwf	Read_SPI_StatusReg@data_read+1
   835  07EA  0870               	movf	?_ReadSPI,w
   836  07EB  00F6               	movwf	Read_SPI_StatusReg@data_read
   837                           
   838                           ;16F1784_SPI_EEPROM.c: 82: LATCbits.LATC2=1;
   839  07EC  0022               	movlb	2	; select bank2
   840  07ED  150E               	bsf	14,2	;volatile
   841                           
   842                           ;16F1784_SPI_EEPROM.c: 84: return(data_read);
   843  07EE  0877               	movf	Read_SPI_StatusReg@data_read+1,w
   844  07EF  00F5               	movwf	?_Read_SPI_StatusReg+1
   845  07F0  0876               	movf	Read_SPI_StatusReg@data_read,w
   846  07F1  00F4               	movwf	?_Read_SPI_StatusReg
   847  07F2  0008               	return
   848  07F3                     __end_of_Read_SPI_StatusReg:	
   849  07F3                     __ptext150:	
   850 ;; *************** function _ReadSPI *****************
   851 ;; Defined at:
   852 ;;		line 63 in file "../16F1784_SPI_EEPROM.c"
   853 ;; Parameters:    Size  Location     Type
   854 ;;		None
   855 ;; Auto vars:     Size  Location     Type
   856 ;;  databyte        2    2[COMMON] unsigned int 
   857 ;; Return value:  Size  Location     Type
   858 ;;                  2    0[COMMON] unsigned int 
   859 ;; Registers used:
   860 ;;		wreg, status,2
   861 ;; Tracked objects:
   862 ;;		On entry : 1F/0
   863 ;;		On exit  : 1F/4
   864 ;;		Unchanged: FFFE0/0
   865 ;; Data sizes:     COMMON   BANK0   BANK1   BANK2   BANK3   BANK4   BANK5   BANK6
   866 ;;      Params:         2       0       0       0       0       0       0       0
   867 ;;      Locals:         2       0       0       0       0       0       0       0
   868 ;;      Temps:          0       0       0       0       0       0       0       0
   869 ;;      Totals:         4       0       0       0       0       0       0       0
   870 ;;Total ram usage:        4 bytes
   871 ;; Hardware stack levels used:    1
   872 ;; This function calls:
   873 ;;		Nothing
   874 ;; This function is called by:
   875 ;;		_Read_SPI_StatusReg
   876 ;;		_Read_SPI_Byte
   877 ;; This function uses a non-reentrant model
   878 ;;
   879                           
   880                           
   881                           ;psect for function _ReadSPI
   882  07F3                     _ReadSPI:	
   883                           
   884                           ;16F1784_SPI_EEPROM.c: 64: unsigned int databyte;
   885                           ;16F1784_SPI_EEPROM.c: 66: PIR1bits.SSP1IF=0;
   886                           
   887                           ; Regs used in _ReadSPI: [wreg+status,2]
   888  07F3  1191               	bcf	17,3	;volatile
   889                           
   890                           ;16F1784_SPI_EEPROM.c: 67: SSPBUF = 0x00;
   891  07F4  0024               	movlb	4	; select bank4
   892  07F5  0191               	clrf	17	;volatile
   893  07F6                     l25:	
   894                           ;16F1784_SPI_EEPROM.c: 68: while(!SSPSTATbits.BF);
   895                           
   896  07F6  1C14               	btfss	20,0	;volatile
   897  07F7  2FF6               	goto	l25
   898                           
   899                           ;16F1784_SPI_EEPROM.c: 69: databyte = SSPBUF;
   900  07F8  0811               	movf	17,w	;volatile
   901  07F9  00F2               	movwf	ReadSPI@databyte
   902  07FA  01F3               	clrf	ReadSPI@databyte+1
   903                           
   904                           ;16F1784_SPI_EEPROM.c: 70: return (databyte);
   905  07FB  0873               	movf	ReadSPI@databyte+1,w
   906  07FC  00F1               	movwf	?_ReadSPI+1
   907  07FD  0872               	movf	ReadSPI@databyte,w
   908  07FE  00F0               	movwf	?_ReadSPI
   909  07FF  0008               	return
   910  0800                     __end_of_ReadSPI:	
   911                           
   912                           	psect	cstackCOMMON
   913  0070                     __pcstackCOMMON:	
   914  0070                     ?_WriteSPI:	
   915  0070                     ?_main:	
   916                           ; 0 bytes @ 0x0
   917                           
   918  0070                     ?_ReadSPI:	
   919                           ; 0 bytes @ 0x0
   920                           
   921  0070                     WriteSPI@databyte:	
   922                           ; 2 bytes @ 0x0
   923                           
   924                           
   925                           ; 2 bytes @ 0x0
   926  0070                     	ds	2
   927  0072                     ??_WriteSPI:	
   928  0072                     ??_ReadSPI:	
   929                           ; 0 bytes @ 0x2
   930                           
   931  0072                     ReadSPI@databyte:	
   932                           ; 0 bytes @ 0x2
   933                           
   934                           
   935                           ; 2 bytes @ 0x2
   936  0072                     	ds	2
   937  0074                     ?_Read_SPI_Byte:	
   938  0074                     ?_Read_SPI_StatusReg:	
   939                           ; 1 bytes @ 0x4
   940                           
   941  0074                     Read_SPI_Byte@address_hi:	
   942                           ; 2 bytes @ 0x4
   943                           
   944                           
   945                           ; 2 bytes @ 0x4
   946  0074                     	ds	2
   947  0076                     ??_Read_SPI_StatusReg:	
   948  0076                     Read_SPI_StatusReg@data_read:	
   949                           ; 0 bytes @ 0x6
   950                           
   951  0076                     Read_SPI_Byte@address_lo:	
   952                           ; 2 bytes @ 0x6
   953                           
   954                           
   955                           ; 2 bytes @ 0x6
   956  0076                     	ds	2
   957  0078                     ?_Write_SPI_Byte:	
   958  0078                     ??_Read_SPI_Byte:	
   959                           ; 0 bytes @ 0x8
   960                           
   961  0078                     Read_SPI_Byte@data_read:	
   962                           ; 0 bytes @ 0x8
   963                           
   964  0078                     Write_SPI_Byte@address_hi:	
   965                           ; 1 bytes @ 0x8
   966                           
   967                           
   968                           ; 2 bytes @ 0x8
   969  0078                     	ds	2
   970  007A                     Write_SPI_Byte@address_lo:	
   971                           
   972                           ; 2 bytes @ 0xA
   973  007A                     	ds	2
   974  007C                     Write_SPI_Byte@data:	
   975                           
   976                           ; 2 bytes @ 0xC
   977  007C                     	ds	2
   978                           
   979                           	psect	cstackBANK0
   980  0020                     __pcstackBANK0:	
   981  0020                     ??_Write_SPI_Byte:	
   982                           
   983                           ; 0 bytes @ 0x0
   984  0020                     	ds	1
   985  0021                     Write_SPI_Byte@StatusReg:	
   986                           
   987                           ; 2 bytes @ 0x1
   988  0021                     	ds	2
   989  0023                     ??_main:	
   990                           
   991                           ; 0 bytes @ 0x3
   992  0023                     	ds	2
   993  0025                     main@eeprom_array:	
   994                           
   995                           ; 40 bytes @ 0x5
   996  0025                     	ds	40
   997  004D                     main@eeprom_addr_hi:	
   998                           
   999                           ; 2 bytes @ 0x2D
  1000  004D                     	ds	2
  1001  004F                     main@eeprom_addr_lo:	
  1002                           
  1003                           ; 2 bytes @ 0x2F
  1004  004F                     	ds	2
  1005  0051                     main@i:	
  1006                           
  1007                           ; 2 bytes @ 0x31
  1008  0051                     	ds	2
  1009                           
  1010                           	psect	text151
  1011  0000                     __ptext151:	
  1012                           
  1013                           ;psect for function _ReadSPI
  1014  007E                     btemp	set	126	;btemp
  1015  007E                     wtemp0	set	126


Data Sizes:
    Strings     0
    Constant    0
    Data        0
    BSS         0
    Persistent  0
    Stack       0

Auto Spaces:
    Space          Size  Autos    Used
    COMMON           14     14      14
    BANK0            80     51      51
    BANK1            80      0       0
    BANK2            80      0       0
    BANK3            80      0       0
    BANK4            80      0       0
    BANK5            80      0       0
    BANK6            16      0       0

Pointer List with Targets:

    ?_Read_SPI_StatusReg	unsigned int  size(1) Largest target is 0

    ?_ReadSPI	unsigned int  size(1) Largest target is 0


Critical Paths under _main in COMMON

    _main->_Write_SPI_Byte
    _Write_SPI_Byte->_Read_SPI_StatusReg
    _Read_SPI_StatusReg->_ReadSPI
    _Read_SPI_Byte->_ReadSPI

Critical Paths under _main in BANK0

    _main->_Write_SPI_Byte

Critical Paths under _main in BANK1

    None.

Critical Paths under _main in BANK2

    None.

Critical Paths under _main in BANK3

    None.

Critical Paths under _main in BANK4

    None.

Critical Paths under _main in BANK5

    None.

Critical Paths under _main in BANK6

    None.

Call Graph Tables:

 ---------------------------------------------------------------------------------
 (Depth) Function   	        Calls       Base Space   Used Autos Params    Refs
 ---------------------------------------------------------------------------------
 (0) _main                                                48    48      0     546
                                              3 BANK0     48    48      0
                     _Write_SPI_Byte
                      _Read_SPI_Byte
 ---------------------------------------------------------------------------------
 (1) _Write_SPI_Byte                                       9     3      6     180
                                              8 COMMON     6     0      6
                                              0 BANK0      3     3      0
                           _WriteSPI
                 _Read_SPI_StatusReg
 ---------------------------------------------------------------------------------
 (2) _Read_SPI_StatusReg                                   4     2      2      68
                                              4 COMMON     4     2      2
                           _WriteSPI
                            _ReadSPI
 ---------------------------------------------------------------------------------
 (1) _Read_SPI_Byte                                        5     1      4     112
                                              4 COMMON     5     1      4
                           _WriteSPI
                            _ReadSPI
 ---------------------------------------------------------------------------------
 (2) _WriteSPI                                             2     0      2      22
                                              0 COMMON     2     0      2
 ---------------------------------------------------------------------------------
 (2) _ReadSPI                                              4     2      2      23
                                              0 COMMON     4     2      2
 ---------------------------------------------------------------------------------
 Estimated maximum stack depth 2
 ---------------------------------------------------------------------------------

 Call Graph Graphs:

 _main (ROOT)
   _Write_SPI_Byte
     _WriteSPI
     _Read_SPI_StatusReg
       _WriteSPI
       _ReadSPI
   _Read_SPI_Byte
     _WriteSPI
     _ReadSPI

 Address spaces:
Name               Size   Autos  Total    Cost      Usage
BIGRAM             1F0      0       0       0        0.0%
EEDATA             100      0       0       0        0.0%
NULL                 0      0       0       0        0.0%
CODE                 0      0       0       0        0.0%
BITCOMMON            E      0       0       1        0.0%
BITSFR0              0      0       0       1        0.0%
SFR0                 0      0       0       1        0.0%
COMMON               E      E       E       2      100.0%
BITSFR1              0      0       0       2        0.0%
SFR1                 0      0       0       2        0.0%
BITSFR2              0      0       0       3        0.0%
SFR2                 0      0       0       3        0.0%
STACK                0      0       3       3        0.0%
BITSFR3              0      0       0       4        0.0%
SFR3                 0      0       0       4        0.0%
ABS                  0      0       0       4        0.0%
BITBANK0            50      0       0       5        0.0%
BITSFR4              0      0       0       5        0.0%
SFR4                 0      0       0       5        0.0%
BANK0               50     33      33       6       63.8%
BITSFR5              0      0       0       6        0.0%
SFR5                 0      0       0       6        0.0%
BITBANK1            50      0       0       7        0.0%
BITSFR6              0      0       0       7        0.0%
SFR6                 0      0       0       7        0.0%
BANK1               50      0       0       8        0.0%
BITSFR7              0      0       0       8        0.0%
SFR7                 0      0       0       8        0.0%
BITBANK2            50      0       0       9        0.0%
BITSFR8              0      0       0       9        0.0%
SFR8                 0      0       0       9        0.0%
BANK2               50      0       0      10        0.0%
BITSFR9              0      0       0      10        0.0%
SFR9                 0      0       0      10        0.0%
BITBANK3            50      0       0      11        0.0%
BITSFR10             0      0       0      11        0.0%
SFR10                0      0       0      11        0.0%
BANK3               50      0       0      12        0.0%
BITSFR11             0      0       0      12        0.0%
SFR11                0      0       0      12        0.0%
BITBANK4            50      0       0      13        0.0%
BITSFR12             0      0       0      13        0.0%
SFR12                0      0       0      13        0.0%
BANK4               50      0       0      14        0.0%
BITSFR13             0      0       0      14        0.0%
SFR13                0      0       0      14        0.0%
BITBANK5            50      0       0      15        0.0%
BITSFR14             0      0       0      15        0.0%
SFR14                0      0       0      15        0.0%
BANK5               50      0       0      16        0.0%
BITSFR15             0      0       0      16        0.0%
SFR15                0      0       0      16        0.0%
BITBANK6            10      0       0      17        0.0%
BITSFR16             0      0       0      17        0.0%
SFR16                0      0       0      17        0.0%
BANK6               10      0       0      18        0.0%
BITSFR17             0      0       0      18        0.0%
SFR17                0      0       0      18        0.0%
BITSFR18             0      0       0      19        0.0%
SFR18                0      0       0      19        0.0%
DATA                 0      0       0      19        0.0%
BITSFR19             0      0       0      20        0.0%
SFR19                0      0       0      20        0.0%
BITSFR20             0      0       0      21        0.0%
SFR20                0      0       0      21        0.0%
BITSFR21             0      0       0      22        0.0%
SFR21                0      0       0      22        0.0%
BITSFR22             0      0       0      23        0.0%
SFR22                0      0       0      23        0.0%
BITSFR23             0      0       0      24        0.0%
SFR23                0      0       0      24        0.0%
BITSFR24             0      0       0      25        0.0%
SFR24                0      0       0      25        0.0%
BITSFR25             0      0       0      26        0.0%
SFR25                0      0       0      26        0.0%
BITSFR26             0      0       0      27        0.0%
SFR26                0      0       0      27        0.0%
BITSFR27             0      0       0      28        0.0%
SFR27                0      0       0      28        0.0%
BITSFR28             0      0       0      29        0.0%
SFR28                0      0       0      29        0.0%
BITSFR29             0      0       0      30        0.0%
SFR29                0      0       0      30        0.0%
BITSFR30             0      0       0      31        0.0%
SFR30                0      0       0      31        0.0%
BITSFR31             0      0       0      32        0.0%
SFR31                0      0       0      32        0.0%


Microchip Technology PIC Macro Assembler V1.12 build 49521 
Symbol Table                                                                                   Thu May 02 09:31:01 2013

                _SSPSTATbits 0214                           l25 07F6                           l19 07DC  
                         l46 0784                          l742 0762                          l728 0741  
                        l684 07C8                          u117 07AB                 __CFG_LVP$OFF 0000  
                       _main 071F                         fsr1h 0007                         fsr1l 0006  
                       btemp 007E                         start 0003                __CFG_MCLRE$ON 0000  
            __end_of_ReadSPI 0800                _Read_SPI_Byte 0785                        ?_main 0070  
              __CFG_WDTE$OFF 0000                        main@i 0051                        wtemp0 007E  
            __initialization 071D               ?_Read_SPI_Byte 0074                 __end_of_main 0785  
                     ??_main 0023      __size_of_Write_SPI_Byte 0038   __end_of_Read_SPI_StatusReg 07F3  
             __CFG_PLLEN$OFF 0000              ReadSPI@databyte 0072             __end_of_WriteSPI 07E0  
                     _SSPBUF 0211                    ??_ReadSPI 0072           main@eeprom_addr_hi 004D  
         main@eeprom_addr_lo 004F      Read_SPI_Byte@address_hi 0074      Read_SPI_Byte@address_lo 0076  
    __end_of__initialization 071D              ??_Read_SPI_Byte 0078               __pcstackCOMMON 0070  
Read_SPI_StatusReg@data_read 0076             main@eeprom_array 0025                   __pmaintext 071F  
                  ?_WriteSPI 0070               _Write_SPI_Byte 079F      Write_SPI_Byte@StatusReg 0021  
                    _ReadSPI 07F3       __end_of_Write_SPI_Byte 07D7                   ??_WriteSPI 0072  
       end_of_initialization 071D           _Read_SPI_StatusReg 07E0          ?_Read_SPI_StatusReg 0074  
           WriteSPI@databyte 0070              ?_Write_SPI_Byte 0078             __CFG_FOSC$INTOSC 0000  
       ??_Read_SPI_StatusReg 0076                    _TRISCbits 008E          start_initialization 071D  
      __end_of_Read_SPI_Byte 079F            __size_of_WriteSPI 0009                __pcstackBANK0 0020  
     Read_SPI_Byte@data_read 0078                     ?_ReadSPI 0070                    __ptext150 07F3  
                  __ptext151 0000                    __ptext145 0000                    __ptext146 079F  
                  __ptext147 07E0                    __ptext148 0785                    __ptext149 07D7  
                   _LATCbits 010E             ??_Write_SPI_Byte 0020                     _PIR1bits 0011  
   Write_SPI_Byte@address_hi 0078     Write_SPI_Byte@address_lo 007A             __size_of_ReadSPI 000D  
                   _WriteSPI 07D7  __size_of_Read_SPI_StatusReg 0013                __size_of_main 0066  
          __CFG_CLKOUTEN$OFF 0000                   _OSCCONbits 0099           Write_SPI_Byte@data 007C  
     __size_of_Read_SPI_Byte 001A                   _SSPCONbits 0215  
